[1;33m========================================[0m
[1;33m  Git Sync Started - 2026-06-04 16:00:01[0m
[1;33m========================================[0m

[0;32m[PULL] Remote changes checking...[0m
[1;33mRemote changes is there, Pull the changes...[0m
From https://github.com/krishna-tpt/tp_eclipse
 * branch            main       -> FETCH_HEAD
Updating 654e892..25376c9
Fast-forward
 README.md | 4 +---
 1 file changed, 1 insertion(+), 3 deletions(-)
[0;32m✓ Pull success.[0m

[0;32m[PUSH] Checking Local changes...[0m
[1;33mChanges available. Will Commit & Push...[0m
[main bff612f] Auto sync - 2026-06-04 16:00:03
 36 files changed, 2354 insertions(+), 2327 deletions(-)
 create mode 100644 sync.log
To https://github.com/krishna-tpt/tp_eclipse.git
   25376c9..bff612f  main -> main
Branch 'main' set up to track remote branch 'main' from 'origin'.
[0;32m✓ Push success![0m

[1;33m========================================[0m
[0;32m  Sync Complete! - 2026-06-04 16:00:05[0m
[1;33m========================================[0m
[1;33m========================================[0m
[1;33m  Git Sync Started - 2026-06-04 16:30:01[0m
[1;33m========================================[0m

[0;32m[PULL] Remote changes checking...[0m
[0;32m✓ Already up to date. No need Pull.[0m

[0;32m[PUSH] Checking Local changes...[0m
[1;33mChanges available. Will Commit & Push...[0m
[main 33477c8] Auto sync - 2026-06-04 16:30:01
 2 files changed, 2347 insertions(+), 2333 deletions(-)
To https://github.com/krishna-tpt/tp_eclipse.git
   bff612f..33477c8  main -> main
Branch 'main' set up to track remote branch 'main' from 'origin'.
[0;32m✓ Push success![0m

[1;33m========================================[0m
[0;32m  Sync Complete! - 2026-06-04 16:30:04[0m
[1;33m========================================[0m
[1;33m========================================[0m
[1;33m  Git Sync Started - 2026-06-04 17:00:01[0m
[1;33m========================================[0m

[0;32m[PULL] Remote changes checking...[0m
[0;32m✓ Already up to date. No need Pull.[0m

[0;32m[PUSH] Checking Local changes...[0m
[1;33mChanges available. Will Commit & Push...[0m
[main 603a72c] Auto sync - 2026-06-04 17:00:03
 102 files changed, 5981 insertions(+), 2430 deletions(-)
 create mode 100644 .metadata/.plugins/org.eclipse.core.resources/.history/27/5023e68806600011130c8e59d6cf9156
 create mode 100644 .metadata/.plugins/org.eclipse.core.resources/.history/2c/401d3dfb07600011130c8e59d6cf9156
 create mode 100644 .metadata/.plugins/org.eclipse.core.resources/.history/2f/d03e9e4d07600011130c8e59d6cf9156
 create mode 100644 .metadata/.plugins/org.eclipse.core.resources/.history/31/0080338906600011130c8e59d6cf9156
 create mode 100644 .metadata/.plugins/org.eclipse.core.resources/.history/43/300e43a008600011130c8e59d6cf9156
 create mode 100644 .metadata/.plugins/org.eclipse.core.resources/.history/49/706d904b07600011130c8e59d6cf9156
 create mode 100644 .metadata/.plugins/org.eclipse.core.resources/.history/4f/c0581a3508600011130c8e59d6cf9156
 create mode 100644 .metadata/.plugins/org.eclipse.core.resources/.history/51/d0e719d807600011130c8e59d6cf9156
 create mode 100644 .metadata/.plugins/org.eclipse.core.resources/.history/57/50640ad207600011130c8e59d6cf9156
 create mode 100644 .metadata/.plugins/org.eclipse.core.resources/.history/5b/50b12fe207600011130c8e59d6cf9156
 create mode 100644 .metadata/.plugins/org.eclipse.core.resources/.history/63/3010055008600011130c8e59d6cf9156
 create mode 100644 .metadata/.plugins/org.eclipse.core.resources/.history/7/1051d2da07600011130c8e59d6cf9156
 create mode 100644 .metadata/.plugins/org.eclipse.core.resources/.history/7a/b08ae09208600011130c8e59d6cf9156
 create mode 100644 .metadata/.plugins/org.eclipse.core.resources/.history/8d/d0fd6ee507600011130c8e59d6cf9156
 create mode 100644 .metadata/.plugins/org.eclipse.core.resources/.history/8e/4074900a08600011130c8e59d6cf9156
 create mode 100644 .metadata/.plugins/org.eclipse.core.resources/.history/8e/c0bf3ca608600011130c8e59d6cf9156
 create mode 100644 .metadata/.plugins/org.eclipse.core.resources/.history/8f/e0d3e46107600011130c8e59d6cf9156
 create mode 100644 .metadata/.plugins/org.eclipse.core.resources/.history/92/205b2fae08600011130c8e59d6cf9156
 create mode 100644 .metadata/.plugins/org.eclipse.core.resources/.history/94/9000ba1d08600011130c8e59d6cf9156
 create mode 100644 .metadata/.plugins/org.eclipse.core.resources/.history/96/c00e143f08600011130c8e59d6cf9156
 create mode 100644 .metadata/.plugins/org.eclipse.core.resources/.history/9d/f0165f3f07600011130c8e59d6cf9156
 create mode 100644 .metadata/.plugins/org.eclipse.core.resources/.history/d9/60ee907007600011130c8e59d6cf9156
 create mode 100644 .metadata/.plugins/org.eclipse.core.resources/.history/ee/d08546ef07600011130c8e59d6cf9156
 create mode 100644 .metadata/.plugins/org.eclipse.core.resources/.history/f9/e08fb97107600011130c8e59d6cf9156
 create mode 100644 .metadata/.plugins/org.eclipse.core.resources/.history/fa/c0ccf61b08600011130c8e59d6cf9156
 create mode 100644 .metadata/.plugins/org.eclipse.core.resources/.projects/moviedb/.indexes/af/history.index
 create mode 100644 .metadata/.plugins/org.eclipse.core.resources/.projects/moviedb/.indexes/e4/92/22/81/bd/7e/history.index
 create mode 100644 .metadata/.plugins/org.eclipse.core.resources/.projects/moviedb/.indexes/e4/b9/22/81/bd/7e/history.index
 create mode 100644 .metadata/.plugins/org.eclipse.core.resources/.projects/moviedb/.indexes/properties.index
 create mode 100644 .metadata/.plugins/org.eclipse.core.resources/.projects/moviedb/.location
 create mode 100644 .metadata/.plugins/org.eclipse.core.resources/.projects/moviedb/.markers.snap
 create mode 100644 .metadata/.plugins/org.eclipse.core.resources/.projects/moviedb/.syncinfo.snap
 create mode 100644 .metadata/.plugins/org.eclipse.jdt.core/1471146940.index
 create mode 100644 .metadata/.plugins/org.eclipse.jdt.core/1827705529.index
 rewrite .metadata/.plugins/org.eclipse.jdt.core/1924484980.index (95%)
 create mode 100644 .metadata/.plugins/org.eclipse.jdt.core/2319070659.index
 create mode 100644 .metadata/.plugins/org.eclipse.jdt.core/2602684.index
 create mode 100644 .metadata/.plugins/org.eclipse.jdt.core/2660318334.index
 create mode 100644 .metadata/.plugins/org.eclipse.jdt.core/3117980990.index
 create mode 100644 .metadata/.plugins/org.eclipse.jdt.core/3552214741.index
 create mode 100644 .metadata/.plugins/org.eclipse.jdt.core/382460976.index
 create mode 100644 .metadata/.plugins/org.eclipse.jdt.core/4267689554.index
 create mode 100644 .metadata/.plugins/org.eclipse.jdt.core/454624871.index
 rewrite .metadata/.plugins/org.eclipse.jdt.core/externalLibsTimeStamps (62%)
 create mode 100644 .metadata/.plugins/org.eclipse.jdt.ui/jdt-images/2.png
 create mode 100644 .metadata/.plugins/org.eclipse.jdt.ui/jdt-images/3.png
 create mode 100644 .metadata/.plugins/org.eclipse.jdt.ui/jdt-images/4.png
 create mode 100644 .metadata/.plugins/org.eclipse.jdt.ui/jdt-images/5.png
 create mode 100644 .metadata/.plugins/org.eclipse.jdt.ui/jdt-images/6.png
 create mode 100644 .metadata/.plugins/org.eclipse.jdt.ui/jdt-images/7.png
 create mode 100644 .metadata/.plugins/org.eclipse.ltk.core.refactoring/.refactorings/moviedb/2026/6/23/refactorings.history
 create mode 100644 .metadata/.plugins/org.eclipse.ltk.core.refactoring/.refactorings/moviedb/2026/6/23/refactorings.index
 create mode 100644 .metadata/.plugins/org.eclipse.ltk.core.refactoring/.refactorings/workdrive-organizer/2026/6/23/refactorings.history
 create mode 100644 .metadata/.plugins/org.eclipse.ltk.core.refactoring/.refactorings/workdrive-organizer/2026/6/23/refactorings.index
 rewrite .metadata/.plugins/org.eclipse.m2e.core/workspaceState.ser (86%)
 create mode 100644 .metadata/.plugins/org.eclipse.m2e.jdt/moviedb.container
To https://github.com/krishna-tpt/tp_eclipse.git
   33477c8..603a72c  main -> main
Branch 'main' set up to track remote branch 'main' from 'origin'.
[0;32m✓ Push success![0m

[1;33m========================================[0m
[0;32m  Sync Complete! - 2026-06-04 17:00:10[0m
[1;33m========================================[0m
[1;33m========================================[0m
[1;33m  Git Sync Started - 2026-06-04 17:30:01[0m
[1;33m========================================[0m

[0;32m[PULL] Remote changes checking...[0m
[0;32m✓ Already up to date. No need Pull.[0m

[0;32m[PUSH] Checking Local changes...[0m
